# JRE version: OpenJDK Runtime Environment (8.0_152-b02) (build 1.8.0_152-release-1024-b02)
# Java VM: OpenJDK 64-Bit Server VM (25.152-b02 mixed mode windows-amd64 compressed oops)
Heap:
 PSYoungGen      total 931328K, used 113869K [0x000000076ab00000, 0x00000007be400000, 0x00000007c0000000)
  eden space 609792K, 10% used [0x000000076ab00000,0x000000076e95c170,0x000000078fe80000)
  from space 321536K, 15% used [0x00000007aaa00000,0x00000007adad74a0,0x00000007be400000)
  to   space 274944K, 0% used [0x000000078fe80000,0x000000078fe80000,0x00000007a0b00000)
 ParOldGen       total 830976K, used 830477K [0x00000006c0000000, 0x00000006f2b80000, 0x000000076ab00000)
  object space 830976K, 99% used [0x00000006c0000000,0x00000006f2b03538,0x00000006f2b80000)
 Metaspace       used 6784K, capacity 7320K, committed 7680K, reserved 1056768K
  class space    used 619K, capacity 656K, committed 768K, reserved 1048576K
GC Heap History (10 events):
Event: 43.311 GC heap before
{Heap before GC invocations=23 (full 4):
 PSYoungGen      total 806400K, used 756363K [0x000000076ab00000, 0x00000007af500000, 0x00000007c0000000)
  eden space 557056K, 100% used [0x000000076ab00000,0x000000078cb00000,0x000000078cb00000)
  from space 249344K, 79% used [0x000000079d780000,0x00000007a9a22c00,0x00000007acb00000)
  to   space 274944K, 0% used [0x000000078cb00000,0x000000078cb00000,0x000000079d780000)
 ParOldGen       total 830976K, used 630686K [0x00000006c0000000, 0x00000006f2b80000, 0x000000076ab00000)
  object space 830976K, 75% used [0x00000006c0000000,0x00000006e67e7b70,0x00000006f2b80000)
 Metaspace       used 6721K, capacity 7320K, committed 7680K, reserved 1056768K
  class space    used 615K, capacity 656K, committed 768K, reserved 1048576K
Event: 43.596 GC heap after
Heap after GC invocations=23 (full 4):
 PSYoungGen      total 832000K, used 102831K [0x000000076ab00000, 0x00000007b0880000, 0x00000007c0000000)
  eden space 557056K, 0% used [0x000000076ab00000,0x000000076ab00000,0x000000078cb00000)
  from space 274944K, 37% used [0x000000078cb00000,0x0000000792f6bd68,0x000000079d780000)
  to   space 259584K, 0% used [0x00000007a0b00000,0x00000007a0b00000,0x00000007b0880000)
 ParOldGen       total 830976K, used 630686K [0x00000006c0000000, 0x00000006f2b80000, 0x000000076ab00000)
  object space 830976K, 75% used [0x00000006c0000000,0x00000006e67e7b70,0x00000006f2b80000)
 Metaspace       used 6721K, capacity 7320K, committed 7680K, reserved 1056768K
  class space    used 615K, capacity 656K, committed 768K, reserved 1048576K
}
Event: 44.767 GC heap before
{Heap before GC invocations=24 (full 4):
 PSYoungGen      total 832000K, used 659887K [0x000000076ab00000, 0x00000007b0880000, 0x00000007c0000000)
  eden space 557056K, 100% used [0x000000076ab00000,0x000000078cb00000,0x000000078cb00000)
  from space 274944K, 37% used [0x000000078cb00000,0x0000000792f6bd68,0x000000079d780000)
  to   space 259584K, 0% used [0x00000007a0b00000,0x00000007a0b00000,0x00000007b0880000)
 ParOldGen       total 830976K, used 630686K [0x00000006c0000000, 0x00000006f2b80000, 0x000000076ab00000)
  object space 830976K, 75% used [0x00000006c0000000,0x00000006e67e7b70,0x00000006f2b80000)
 Metaspace       used 6722K, capacity 7320K, committed 7680K, reserved 1056768K
  class space    used 615K, capacity 656K, committed 768K, reserved 1048576K
Event: 45.030 GC heap after
Heap after GC invocations=24 (full 4):
 PSYoungGen      total 869376K, used 183238K [0x000000076ab00000, 0x00000007b2a00000, 0x00000007c0000000)
  eden space 609792K, 0% used [0x000000076ab00000,0x000000076ab00000,0x000000078fe80000)
  from space 259584K, 70% used [0x00000007a0b00000,0x00000007abdf1920,0x00000007b0880000)
  to   space 274944K, 0% used [0x000000078fe80000,0x000000078fe80000,0x00000007a0b00000)
 ParOldGen       total 830976K, used 630686K [0x00000006c0000000, 0x00000006f2b80000, 0x000000076ab00000)
  object space 830976K, 75% used [0x00000006c0000000,0x00000006e67e7b70,0x00000006f2b80000)
 Metaspace       used 6722K, capacity 7320K, committed 7680K, reserved 1056768K
  class space    used 615K, capacity 656K, committed 768K, reserved 1048576K
}
Event: 45.868 GC heap before
{Heap before GC invocations=25 (full 4):
 PSYoungGen      total 869376K, used 793030K [0x000000076ab00000, 0x00000007b2a00000, 0x00000007c0000000)
  eden space 609792K, 100% used [0x000000076ab00000,0x000000078fe80000,0x000000078fe80000)
  from space 259584K, 70% used [0x00000007a0b00000,0x00000007abdf1920,0x00000007b0880000)
  to   space 274944K, 0% used [0x000000078fe80000,0x000000078fe80000,0x00000007a0b00000)
 ParOldGen       total 830976K, used 630686K [0x00000006c0000000, 0x00000006f2b80000, 0x000000076ab00000)
  object space 830976K, 75% used [0x00000006c0000000,0x00000006e67e7b70,0x00000006f2b80000)
 Metaspace       used 6722K, capacity 7320K, committed 7680K, reserved 1056768K
  class space    used 615K, capacity 656K, committed 768K, reserved 1048576K
Event: 47.846 GC heap after
Heap after GC invocations=25 (full 4):
 PSYoungGen      total 884736K, used 274917K [0x000000076ab00000, 0x00000007be400000, 0x00000007c0000000)
  eden space 609792K, 0% used [0x000000076ab00000,0x000000076ab00000,0x000000078fe80000)
  from space 274944K, 99% used [0x000000078fe80000,0x00000007a0af9748,0x00000007a0b00000)
  to   space 321536K, 0% used [0x00000007aaa00000,0x00000007aaa00000,0x00000007be400000)
 ParOldGen       total 830976K, used 632971K [0x00000006c0000000, 0x00000006f2b80000, 0x000000076ab00000)
  object space 830976K, 76% used [0x00000006c0000000,0x00000006e6a22e78,0x00000006f2b80000)
 Metaspace       used 6722K, capacity 7320K, committed 7680K, reserved 1056768K
  class space    used 615K, capacity 656K, committed 768K, reserved 1048576K
}
Event: 48.912 GC heap before
{Heap before GC invocations=26 (full 4):
 PSYoungGen      total 884736K, used 884709K [0x000000076ab00000, 0x00000007be400000, 0x00000007c0000000)
  eden space 609792K, 100% used [0x000000076ab00000,0x000000078fe80000,0x000000078fe80000)
  from space 274944K, 99% used [0x000000078fe80000,0x00000007a0af9748,0x00000007a0b00000)
  to   space 321536K, 0% used [0x00000007aaa00000,0x00000007aaa00000,0x00000007be400000)
 ParOldGen       total 830976K, used 632971K [0x00000006c0000000, 0x00000006f2b80000, 0x000000076ab00000)
  object space 830976K, 76% used [0x00000006c0000000,0x00000006e6a22e78,0x00000006f2b80000)
 Metaspace       used 6769K, capacity 7320K, committed 7680K, reserved 1056768K
  class space    used 619K, capacity 656K, committed 768K, reserved 1048576K
Event: 52.615 GC heap after
Heap after GC invocations=26 (full 4):
 PSYoungGen      total 931328K, used 272051K [0x000000076ab00000, 0x00000007be400000, 0x00000007c0000000)
  eden space 609792K, 0% used [0x000000076ab00000,0x000000076ab00000,0x000000078fe80000)
  from space 321536K, 84% used [0x00000007aaa00000,0x00000007bb3acd80,0x00000007be400000)
  to   space 274944K, 0% used [0x000000078fe80000,0x000000078fe80000,0x00000007a0b00000)
 ParOldGen       total 830976K, used 734396K [0x00000006c0000000, 0x00000006f2b80000, 0x000000076ab00000)
  object space 830976K, 88% used [0x00000006c0000000,0x00000006ecd2f3f8,0x00000006f2b80000)
 Metaspace       used 6769K, capacity 7320K, committed 7680K, reserved 1056768K
  class space    used 619K, capacity 656K, committed 768K, reserved 1048576K
}
Event: 52.619 GC heap before
{Heap before GC invocations=27 (full 5):
 PSYoungGen      total 931328K, used 272051K [0x000000076ab00000, 0x00000007be400000, 0x00000007c0000000)
  eden space 609792K, 0% used [0x000000076ab00000,0x000000076ab00000,0x000000078fe80000)
  from space 321536K, 84% used [0x00000007aaa00000,0x00000007bb3acd80,0x00000007be400000)
  to   space 274944K, 0% used [0x000000078fe80000,0x000000078fe80000,0x00000007a0b00000)
 ParOldGen       total 830976K, used 734396K [0x00000006c0000000, 0x00000006f2b80000, 0x000000076ab00000)
  object space 830976K, 88% used [0x00000006c0000000,0x00000006ecd2f3f8,0x00000006f2b80000)
 Metaspace       used 6769K, capacity 7320K, committed 7680K, reserved 1056768K
  class space    used 619K, capacity 656K, committed 768K, reserved 1048576K
Event: 65.978 GC heap after
Heap after GC invocations=27 (full 5):
 PSYoungGen      total 931328K, used 50013K [0x000000076ab00000, 0x00000007be400000, 0x00000007c0000000)
  eden space 609792K, 0% used [0x000000076ab00000,0x000000076ab00000,0x000000078fe80000)
  from space 321536K, 15% used [0x00000007aaa00000,0x00000007adad74a0,0x00000007be400000)
  to   space 274944K, 0% used [0x000000078fe80000,0x000000078fe80000,0x00000007a0b00000)
 ParOldGen       total 830976K, used 830477K [0x00000006c0000000, 0x00000006f2b80000, 0x000000076ab00000)
  object space 830976K, 99% used [0x00000006c0000000,0x00000006f2b03538,0x00000006f2b80000)
 Metaspace       used 6769K, capacity 7320K, committed 7680K, reserved 1056768K
  class space    used 619K, capacity 656K, committed 768K, reserved 1048576K
}

