# JRE version: OpenJDK Runtime Environment (8.0_152-b02) (build 1.8.0_152-release-1024-b02)
# Java VM: OpenJDK 64-Bit Server VM (25.152-b02 mixed mode windows-amd64 compressed oops)
Heap:
 PSYoungGen      total 913408K, used 21446K [0x000000076ab00000, 0x00000007ba580000, 0x00000007c0000000)
  eden space 616960K, 3% used [0x000000076ab00000,0x000000076bff1968,0x0000000790580000)
  from space 296448K, 0% used [0x00000007a4800000,0x00000007a4800000,0x00000007b6980000)
  to   space 330240K, 0% used [0x0000000790580000,0x0000000790580000,0x00000007a4800000)
 ParOldGen       total 908288K, used 884962K [0x00000006c0000000, 0x00000006f7700000, 0x000000076ab00000)
  object space 908288K, 97% used [0x00000006c0000000,0x00000006f6038960,0x00000006f7700000)
 Metaspace       used 6773K, capacity 7320K, committed 7680K, reserved 1056768K
  class space    used 619K, capacity 656K, committed 768K, reserved 1048576K
GC Heap History (10 events):
Event: 48.441 GC heap before
{Heap before GC invocations=23 (full 4):
 PSYoungGen      total 819200K, used 795645K [0x000000076ab00000, 0x00000007b2b00000, 0x00000007c0000000)
  eden space 565760K, 100% used [0x000000076ab00000,0x000000078d380000,0x000000078d380000)
  from space 253440K, 90% used [0x000000079ee80000,0x00000007aceff680,0x00000007ae600000)
  to   space 289792K, 0% used [0x000000078d380000,0x000000078d380000,0x000000079ee80000)
 ParOldGen       total 908288K, used 642413K [0x00000006c0000000, 0x00000006f7700000, 0x000000076ab00000)
  object space 908288K, 70% used [0x00000006c0000000,0x00000006e735b650,0x00000006f7700000)
 Metaspace       used 6707K, capacity 7320K, committed 7680K, reserved 1056768K
  class space    used 615K, capacity 656K, committed 768K, reserved 1048576K
Event: 49.066 GC heap after
Heap after GC invocations=23 (full 4):
 PSYoungGen      total 855552K, used 169627K [0x000000076ab00000, 0x00000007b6980000, 0x00000007c0000000)
  eden space 565760K, 0% used [0x000000076ab00000,0x000000076ab00000,0x000000078d380000)
  from space 289792K, 58% used [0x000000078d380000,0x0000000797926d60,0x000000079ee80000)
  to   space 296448K, 0% used [0x00000007a4800000,0x00000007a4800000,0x00000007b6980000)
 ParOldGen       total 908288K, used 642413K [0x00000006c0000000, 0x00000006f7700000, 0x000000076ab00000)
  object space 908288K, 70% used [0x00000006c0000000,0x00000006e735b650,0x00000006f7700000)
 Metaspace       used 6707K, capacity 7320K, committed 7680K, reserved 1056768K
  class space    used 615K, capacity 656K, committed 768K, reserved 1048576K
}
Event: 51.729 GC heap before
{Heap before GC invocations=24 (full 4):
 PSYoungGen      total 855552K, used 735387K [0x000000076ab00000, 0x00000007b6980000, 0x00000007c0000000)
  eden space 565760K, 100% used [0x000000076ab00000,0x000000078d380000,0x000000078d380000)
  from space 289792K, 58% used [0x000000078d380000,0x0000000797926d60,0x000000079ee80000)
  to   space 296448K, 0% used [0x00000007a4800000,0x00000007a4800000,0x00000007b6980000)
 ParOldGen       total 908288K, used 642413K [0x00000006c0000000, 0x00000006f7700000, 0x000000076ab00000)
  object space 908288K, 70% used [0x00000006c0000000,0x00000006e735b650,0x00000006f7700000)
 Metaspace       used 6708K, capacity 7320K, committed 7680K, reserved 1056768K
  class space    used 615K, capacity 656K, committed 768K, reserved 1048576K
Event: 52.085 GC heap after
Heap after GC invocations=24 (full 4):
 PSYoungGen      total 913408K, used 251276K [0x000000076ab00000, 0x00000007ba580000, 0x00000007c0000000)
  eden space 616960K, 0% used [0x000000076ab00000,0x000000076ab00000,0x0000000790580000)
  from space 296448K, 84% used [0x00000007a4800000,0x00000007b3d63368,0x00000007b6980000)
  to   space 330240K, 0% used [0x0000000790580000,0x0000000790580000,0x00000007a4800000)
 ParOldGen       total 908288K, used 642413K [0x00000006c0000000, 0x00000006f7700000, 0x000000076ab00000)
  object space 908288K, 70% used [0x00000006c0000000,0x00000006e735b650,0x00000006f7700000)
 Metaspace       used 6708K, capacity 7320K, committed 7680K, reserved 1056768K
  class space    used 615K, capacity 656K, committed 768K, reserved 1048576K
}
Event: 53.121 GC heap before
{Heap before GC invocations=25 (full 4):
 PSYoungGen      total 913408K, used 868236K [0x000000076ab00000, 0x00000007ba580000, 0x00000007c0000000)
  eden space 616960K, 100% used [0x000000076ab00000,0x0000000790580000,0x0000000790580000)
  from space 296448K, 84% used [0x00000007a4800000,0x00000007b3d63368,0x00000007b6980000)
  to   space 330240K, 0% used [0x0000000790580000,0x0000000790580000,0x00000007a4800000)
 ParOldGen       total 908288K, used 642413K [0x00000006c0000000, 0x00000006f7700000, 0x000000076ab00000)
  object space 908288K, 70% used [0x00000006c0000000,0x00000006e735b650,0x00000006f7700000)
 Metaspace       used 6709K, capacity 7320K, committed 7680K, reserved 1056768K
  class space    used 615K, capacity 656K, committed 768K, reserved 1048576K
Event: 55.020 GC heap after
Heap after GC invocations=25 (full 4):
 PSYoungGen      total 947200K, used 330219K [0x000000076ab00000, 0x00000007ba580000, 0x00000007c0000000)
  eden space 616960K, 0% used [0x000000076ab00000,0x000000076ab00000,0x0000000790580000)
  from space 330240K, 99% used [0x0000000790580000,0x00000007a47fae48,0x00000007a4800000)
  to   space 296448K, 0% used [0x00000007a4800000,0x00000007a4800000,0x00000007b6980000)
 ParOldGen       total 908288K, used 658500K [0x00000006c0000000, 0x00000006f7700000, 0x000000076ab00000)
  object space 908288K, 72% used [0x00000006c0000000,0x00000006e8311180,0x00000006f7700000)
 Metaspace       used 6709K, capacity 7320K, committed 7680K, reserved 1056768K
  class space    used 615K, capacity 656K, committed 768K, reserved 1048576K
}
Event: 56.221 GC heap before
{Heap before GC invocations=26 (full 4):
 PSYoungGen      total 947200K, used 947179K [0x000000076ab00000, 0x00000007ba580000, 0x00000007c0000000)
  eden space 616960K, 100% used [0x000000076ab00000,0x0000000790580000,0x0000000790580000)
  from space 330240K, 99% used [0x0000000790580000,0x00000007a47fae48,0x00000007a4800000)
  to   space 296448K, 0% used [0x00000007a4800000,0x00000007a4800000,0x00000007b6980000)
 ParOldGen       total 908288K, used 658500K [0x00000006c0000000, 0x00000006f7700000, 0x000000076ab00000)
  object space 908288K, 72% used [0x00000006c0000000,0x00000006e8311180,0x00000006f7700000)
 Metaspace       used 6769K, capacity 7320K, committed 7680K, reserved 1056768K
  class space    used 619K, capacity 656K, committed 768K, reserved 1048576K
Event: 57.215 GC heap after
Heap after GC invocations=26 (full 4):
 PSYoungGen      total 913408K, used 296438K [0x000000076ab00000, 0x00000007ba580000, 0x00000007c0000000)
  eden space 616960K, 0% used [0x000000076ab00000,0x000000076ab00000,0x0000000790580000)
  from space 296448K, 99% used [0x00000007a4800000,0x00000007b697dbe8,0x00000007b6980000)
  to   space 330240K, 0% used [0x0000000790580000,0x0000000790580000,0x00000007a4800000)
 ParOldGen       total 908288K, used 797529K [0x00000006c0000000, 0x00000006f7700000, 0x000000076ab00000)
  object space 908288K, 87% used [0x00000006c0000000,0x00000006f0ad66d0,0x00000006f7700000)
 Metaspace       used 6769K, capacity 7320K, committed 7680K, reserved 1056768K
  class space    used 619K, capacity 656K, committed 768K, reserved 1048576K
}
Event: 57.219 GC heap before
{Heap before GC invocations=27 (full 5):
 PSYoungGen      total 913408K, used 296438K [0x000000076ab00000, 0x00000007ba580000, 0x00000007c0000000)
  eden space 616960K, 0% used [0x000000076ab00000,0x000000076ab00000,0x0000000790580000)
  from space 296448K, 99% used [0x00000007a4800000,0x00000007b697dbe8,0x00000007b6980000)
  to   space 330240K, 0% used [0x0000000790580000,0x0000000790580000,0x00000007a4800000)
 ParOldGen       total 908288K, used 797529K [0x00000006c0000000, 0x00000006f7700000, 0x000000076ab00000)
  object space 908288K, 87% used [0x00000006c0000000,0x00000006f0ad66d0,0x00000006f7700000)
 Metaspace       used 6769K, capacity 7320K, committed 7680K, reserved 1056768K
  class space    used 619K, capacity 656K, committed 768K, reserved 1048576K
Event: 65.850 GC heap after
Heap after GC invocations=27 (full 5):
 PSYoungGen      total 913408K, used 0K [0x000000076ab00000, 0x00000007ba580000, 0x00000007c0000000)
  eden space 616960K, 0% used [0x000000076ab00000,0x000000076ab00000,0x0000000790580000)
  from space 296448K, 0% used [0x00000007a4800000,0x00000007a4800000,0x00000007b6980000)
  to   space 330240K, 0% used [0x0000000790580000,0x0000000790580000,0x00000007a4800000)
 ParOldGen       total 908288K, used 884962K [0x00000006c0000000, 0x00000006f7700000, 0x000000076ab00000)
  object space 908288K, 97% used [0x00000006c0000000,0x00000006f6038960,0x00000006f7700000)
 Metaspace       used 6769K, capacity 7320K, committed 7680K, reserved 1056768K
  class space    used 619K, capacity 656K, committed 768K, reserved 1048576K
}

