# JRE version: OpenJDK Runtime Environment (8.0_152-b02) (build 1.8.0_152-release-1024-b02)
# Java VM: OpenJDK 64-Bit Server VM (25.152-b02 mixed mode windows-amd64 compressed oops)
Heap:
 PSYoungGen      total 1036800K, used 271603K [0x000000076ab00000, 0x00000007c0000000, 0x00000007c0000000)
  eden space 689152K, 12% used [0x000000076ab00000,0x000000076ffffa40,0x0000000794c00000)
  from space 347648K, 53% used [0x00000007aac80000,0x00000007b60bd328,0x00000007c0000000)
  to   space 354304K, 0% used [0x0000000794c00000,0x0000000794c00000,0x00000007aa600000)
 ParOldGen       total 800768K, used 800384K [0x00000006c0000000, 0x00000006f0e00000, 0x000000076ab00000)
  object space 800768K, 99% used [0x00000006c0000000,0x00000006f0da0118,0x00000006f0e00000)
 Metaspace       used 6851K, capacity 7384K, committed 7680K, reserved 1056768K
  class space    used 622K, capacity 656K, committed 768K, reserved 1048576K
GC Heap History (10 events):
Event: 54.685 GC heap before
{Heap before GC invocations=23 (full 4):
 PSYoungGen      total 846336K, used 845661K [0x000000076ab00000, 0x00000007ae180000, 0x00000007c0000000)
  eden space 667136K, 100% used [0x000000076ab00000,0x0000000793680000,0x0000000793680000)
  from space 179200K, 99% used [0x00000007a0280000,0x00000007ab0d7548,0x00000007ab180000)
  to   space 208896K, 0% used [0x0000000793680000,0x0000000793680000,0x00000007a0280000)
 ParOldGen       total 793088K, used 517838K [0x00000006c0000000, 0x00000006f0680000, 0x000000076ab00000)
  object space 793088K, 65% used [0x00000006c0000000,0x00000006df9b3b48,0x00000006f0680000)
 Metaspace       used 6723K, capacity 7320K, committed 7680K, reserved 1056768K
  class space    used 615K, capacity 656K, committed 768K, reserved 1048576K
Event: 55.090 GC heap after
Heap after GC invocations=23 (full 4):
 PSYoungGen      total 876032K, used 161234K [0x000000076ab00000, 0x00000007b4500000, 0x00000007c0000000)
  eden space 667136K, 0% used [0x000000076ab00000,0x000000076ab00000,0x0000000793680000)
  from space 208896K, 77% used [0x0000000793680000,0x000000079d3f4b80,0x00000007a0280000)
  to   space 226304K, 0% used [0x00000007a6800000,0x00000007a6800000,0x00000007b4500000)
 ParOldGen       total 793088K, used 517838K [0x00000006c0000000, 0x00000006f0680000, 0x000000076ab00000)
  object space 793088K, 65% used [0x00000006c0000000,0x00000006df9b3b48,0x00000006f0680000)
 Metaspace       used 6723K, capacity 7320K, committed 7680K, reserved 1056768K
  class space    used 615K, capacity 656K, committed 768K, reserved 1048576K
}
Event: 56.639 GC heap before
{Heap before GC invocations=24 (full 4):
 PSYoungGen      total 876032K, used 828370K [0x000000076ab00000, 0x00000007b4500000, 0x00000007c0000000)
  eden space 667136K, 100% used [0x000000076ab00000,0x0000000793680000,0x0000000793680000)
  from space 208896K, 77% used [0x0000000793680000,0x000000079d3f4b80,0x00000007a0280000)
  to   space 226304K, 0% used [0x00000007a6800000,0x00000007a6800000,0x00000007b4500000)
 ParOldGen       total 793088K, used 517838K [0x00000006c0000000, 0x00000006f0680000, 0x000000076ab00000)
  object space 793088K, 65% used [0x00000006c0000000,0x00000006df9b3b48,0x00000006f0680000)
 Metaspace       used 6724K, capacity 7320K, committed 7680K, reserved 1056768K
  class space    used 615K, capacity 656K, committed 768K, reserved 1048576K
Event: 57.027 GC heap after
Heap after GC invocations=24 (full 4):
 PSYoungGen      total 927744K, used 226299K [0x000000076ab00000, 0x00000007bb100000, 0x00000007c0000000)
  eden space 701440K, 0% used [0x000000076ab00000,0x000000076ab00000,0x0000000795800000)
  from space 226304K, 99% used [0x00000007a6800000,0x00000007b44fed18,0x00000007b4500000)
  to   space 278528K, 0% used [0x0000000795800000,0x0000000795800000,0x00000007a6800000)
 ParOldGen       total 793088K, used 557273K [0x00000006c0000000, 0x00000006f0680000, 0x000000076ab00000)
  object space 793088K, 70% used [0x00000006c0000000,0x00000006e2036438,0x00000006f0680000)
 Metaspace       used 6724K, capacity 7320K, committed 7680K, reserved 1056768K
  class space    used 615K, capacity 656K, committed 768K, reserved 1048576K
}
Event: 61.565 GC heap before
{Heap before GC invocations=25 (full 4):
 PSYoungGen      total 927744K, used 927739K [0x000000076ab00000, 0x00000007bb100000, 0x00000007c0000000)
  eden space 701440K, 100% used [0x000000076ab00000,0x0000000795800000,0x0000000795800000)
  from space 226304K, 99% used [0x00000007a6800000,0x00000007b44fed18,0x00000007b4500000)
  to   space 278528K, 0% used [0x0000000795800000,0x0000000795800000,0x00000007a6800000)
 ParOldGen       total 793088K, used 557273K [0x00000006c0000000, 0x00000006f0680000, 0x000000076ab00000)
  object space 793088K, 70% used [0x00000006c0000000,0x00000006e2036438,0x00000006f0680000)
 Metaspace       used 6829K, capacity 7384K, committed 7680K, reserved 1056768K
  class space    used 622K, capacity 656K, committed 768K, reserved 1048576K
Event: 62.504 GC heap after
Heap after GC invocations=25 (full 4):
 PSYoungGen      total 979968K, used 278513K [0x000000076ab00000, 0x00000007c0000000, 0x00000007c0000000)
  eden space 701440K, 0% used [0x000000076ab00000,0x000000076ab00000,0x0000000795800000)
  from space 278528K, 99% used [0x0000000795800000,0x00000007a67fc690,0x00000007a6800000)
  to   space 347648K, 0% used [0x00000007aac80000,0x00000007aac80000,0x00000007c0000000)
 ParOldGen       total 793088K, used 616556K [0x00000006c0000000, 0x00000006f0680000, 0x000000076ab00000)
  object space 793088K, 77% used [0x00000006c0000000,0x00000006e5a1b010,0x00000006f0680000)
 Metaspace       used 6829K, capacity 7384K, committed 7680K, reserved 1056768K
  class space    used 622K, capacity 656K, committed 768K, reserved 1048576K
}
Event: 66.144 GC heap before
{Heap before GC invocations=26 (full 4):
 PSYoungGen      total 979968K, used 979953K [0x000000076ab00000, 0x00000007c0000000, 0x00000007c0000000)
  eden space 701440K, 100% used [0x000000076ab00000,0x0000000795800000,0x0000000795800000)
  from space 278528K, 99% used [0x0000000795800000,0x00000007a67fc690,0x00000007a6800000)
  to   space 347648K, 0% used [0x00000007aac80000,0x00000007aac80000,0x00000007c0000000)
 ParOldGen       total 793088K, used 616556K [0x00000006c0000000, 0x00000006f0680000, 0x000000076ab00000)
  object space 793088K, 77% used [0x00000006c0000000,0x00000006e5a1b010,0x00000006f0680000)
 Metaspace       used 6850K, capacity 7384K, committed 7680K, reserved 1056768K
  class space    used 622K, capacity 656K, committed 768K, reserved 1048576K
Event: 67.944 GC heap after
Heap after GC invocations=26 (full 4):
 PSYoungGen      total 1036800K, used 205685K [0x000000076ab00000, 0x00000007c0000000, 0x00000007c0000000)
  eden space 689152K, 0% used [0x000000076ab00000,0x000000076ab00000,0x0000000794c00000)
  from space 347648K, 59% used [0x00000007aac80000,0x00000007b755d438,0x00000007c0000000)
  to   space 354304K, 0% used [0x0000000794c00000,0x0000000794c00000,0x00000007aa600000)
 ParOldGen       total 800768K, used 800630K [0x00000006c0000000, 0x00000006f0e00000, 0x000000076ab00000)
  object space 800768K, 99% used [0x00000006c0000000,0x00000006f0dddbc8,0x00000006f0e00000)
 Metaspace       used 6850K, capacity 7384K, committed 7680K, reserved 1056768K
  class space    used 622K, capacity 656K, committed 768K, reserved 1048576K
}
Event: 67.945 GC heap before
{Heap before GC invocations=27 (full 5):
 PSYoungGen      total 1036800K, used 205685K [0x000000076ab00000, 0x00000007c0000000, 0x00000007c0000000)
  eden space 689152K, 0% used [0x000000076ab00000,0x000000076ab00000,0x0000000794c00000)
  from space 347648K, 59% used [0x00000007aac80000,0x00000007b755d438,0x00000007c0000000)
  to   space 354304K, 0% used [0x0000000794c00000,0x0000000794c00000,0x00000007aa600000)
 ParOldGen       total 800768K, used 800630K [0x00000006c0000000, 0x00000006f0e00000, 0x000000076ab00000)
  object space 800768K, 99% used [0x00000006c0000000,0x00000006f0dddbc8,0x00000006f0e00000)
 Metaspace       used 6850K, capacity 7384K, committed 7680K, reserved 1056768K
  class space    used 622K, capacity 656K, committed 768K, reserved 1048576K
Event: 80.305 GC heap after
Heap after GC invocations=27 (full 5):
 PSYoungGen      total 1036800K, used 184564K [0x000000076ab00000, 0x00000007c0000000, 0x00000007c0000000)
  eden space 689152K, 0% used [0x000000076ab00000,0x000000076ab00000,0x0000000794c00000)
  from space 347648K, 53% used [0x00000007aac80000,0x00000007b60bd328,0x00000007c0000000)
  to   space 354304K, 0% used [0x0000000794c00000,0x0000000794c00000,0x00000007aa600000)
 ParOldGen       total 800768K, used 800384K [0x00000006c0000000, 0x00000006f0e00000, 0x000000076ab00000)
  object space 800768K, 99% used [0x00000006c0000000,0x00000006f0da0118,0x00000006f0e00000)
 Metaspace       used 6850K, capacity 7384K, committed 7680K, reserved 1056768K
  class space    used 622K, capacity 656K, committed 768K, reserved 1048576K
}

